<component name="libraryTable">
  <library name="junit-4.8.2">
    <CLASSES>
      <root url="file://$PROJECT_DIR$/lib/junit-4.8.2.jar" />
    </CLASSES>
    <JAVADOC />
    <SOURCES />
    <jarDirectory url="file://$PROJECT_DIR$/lib/junit-4.8.2.jar" recursive="false" />
  </library>
</component>